<?xml version="1.0" encoding="UTF-8"?>
<!-- Generated by org.testng.reporters.JUnitReportReporter -->
<testsuite skipped="0" hostname="hp" name="com.Learning.TestCases.Imarticus_03_CareerServices" tests="1" failures="0" timestamp="16 Jun 2020 11:35:30 GMT" time="3.663" errors="0">
  <testcase name="TC_22_CareerService" time="3.663" classname="com.Learning.TestCases.Imarticus_03_CareerServices"/>
</testsuite> <!-- com.Learning.TestCases.Imarticus_03_CareerServices -->
