<?xml version="1.0" encoding="UTF-8"?>
<!-- Generated by org.testng.reporters.JUnitReportReporter -->
<testsuite skipped="0" hostname="hp" name="com.Learning.TestCases.TC_01_checkingLogoFunctionality" tests="1" failures="0" timestamp="03 Jun 2020 13:47:58 GMT" time="3.443" errors="0">
  <testcase name="logoFunctionality" time="3.443" classname="com.Learning.TestCases.TC_01_checkingLogoFunctionality"/>
</testsuite> <!-- com.Learning.TestCases.TC_01_checkingLogoFunctionality -->
