<?xml version="1.0" encoding="UTF-8"?>
<!-- Generated by org.testng.reporters.JUnitReportReporter -->
<testsuite skipped="2" hostname="hp" name="com.Learning.TestCases.Imaritucs_01_checkingHeaderFunctionality" tests="5" failures="0" timestamp="09 Jun 2020 08:38:38 GMT" time="41.741" errors="0">
  <testcase name="TC_02_CourseSelector" time="7.261" classname="com.Learning.TestCases.Imaritucs_01_checkingHeaderFunctionality"/>
  <testcase name="TC_03_CourseSelector" time="12.682" classname="com.Learning.TestCases.Imaritucs_01_checkingHeaderFunctionality"/>
  <testcase name="TC_04_Recommendation" time="21.798" classname="com.Learning.TestCases.Imaritucs_01_checkingHeaderFunctionality"/>
  <testcase name="TC_01_logoFunctionality" classname="com.Learning.TestCases.Imaritucs_01_checkingHeaderFunctionality">
    <skipped/>
  </testcase> <!-- TC_01_logoFunctionality -->
  <testcase name="TC_05_programs" classname="com.Learning.TestCases.Imaritucs_01_checkingHeaderFunctionality">
    <skipped/>
  </testcase> <!-- TC_05_programs -->
</testsuite> <!-- com.Learning.TestCases.Imaritucs_01_checkingHeaderFunctionality -->
